<?xml version="1.0" encoding="UTF-8"?>
<testsuites>
  <testsuite name="" tests="28" assertions="50" errors="0" warnings="0" failures="0" skipped="1" time="0.098819">
    <testsuite name="Toniette/async-await Test Suite" tests="28" assertions="50" errors="0" warnings="0" failures="0" skipped="1" time="0.098819">
      <testsuite name="Toniette\AsyncAwait\Tests\Async\AsyncFacadeTest" file="/home/Toniette/.Toniette/asyncawait/tests/Async/AsyncFacadeTest.php" tests="5" assertions="9" errors="0" warnings="0" failures="0" skipped="0" time="0.033704">
        <testcase name="testAsyncAndAwaitWorkTogether" class="Toniette\AsyncAwait\Tests\Async\AsyncFacadeTest" classname="Toniette.AsyncAwait.Tests.Async.AsyncFacadeTest" file="/home/Toniette/.Toniette/asyncawait/tests/Async/AsyncFacadeTest.php" line="36" assertions="1" time="0.004066"/>
        <testcase name="testPoolWaitsForAllPromisesAndReturnsResults" class="Toniette\AsyncAwait\Tests\Async\AsyncFacadeTest" classname="Toniette.AsyncAwait.Tests.Async.AsyncFacadeTest" file="/home/Toniette/.Toniette/asyncawait/tests/Async/AsyncFacadeTest.php" line="56" assertions="2" time="0.011443"/>
        <testcase name="testAsyncFacadeMaintainsSingletonInstance" class="Toniette\AsyncAwait\Tests\Async\AsyncFacadeTest" classname="Toniette.AsyncAwait.Tests.Async.AsyncFacadeTest" file="/home/Toniette/.Toniette/asyncawait/tests/Async/AsyncFacadeTest.php" line="116" assertions="2" time="0.003533"/>
        <testcase name="testAsyncReturnsPromise" class="Toniette\AsyncAwait\Tests\Async\AsyncFacadeTest" classname="Toniette.AsyncAwait.Tests.Async.AsyncFacadeTest" file="/home/Toniette/.Toniette/asyncawait/tests/Async/AsyncFacadeTest.php" line="14" assertions="1" time="0.002212"/>
        <testcase name="testPoolCallsCallbackWithResults" class="Toniette\AsyncAwait\Tests\Async\AsyncFacadeTest" classname="Toniette.AsyncAwait.Tests.Async.AsyncFacadeTest" file="/home/Toniette/.Toniette/asyncawait/tests/Async/AsyncFacadeTest.php" line="80" assertions="3" time="0.012449"/>
      </testsuite>
      <testsuite name="Toniette\AsyncAwait\Tests\FunctionsTest" file="/home/Toniette/.Toniette/asyncawait/tests/FunctionsTest.php" tests="6" assertions="9" errors="0" warnings="0" failures="0" skipped="0" time="0.026588">
        <testcase name="testPoolCallsCallbackWithResults" class="Toniette\AsyncAwait\Tests\FunctionsTest" classname="Toniette.AsyncAwait.Tests.FunctionsTest" file="/home/Toniette/.Toniette/asyncawait/tests/FunctionsTest.php" line="79" assertions="3" time="0.010022"/>
        <testcase name="testPoolWaitsForAllPromisesAndReturnsResults" class="Toniette\AsyncAwait\Tests\FunctionsTest" classname="Toniette.AsyncAwait.Tests.FunctionsTest" file="/home/Toniette/.Toniette/asyncawait/tests/FunctionsTest.php" line="55" assertions="2" time="0.011772"/>
        <testcase name="testAsyncAndAwaitWorkTogether" class="Toniette\AsyncAwait\Tests\FunctionsTest" classname="Toniette.AsyncAwait.Tests.FunctionsTest" file="/home/Toniette/.Toniette/asyncawait/tests/FunctionsTest.php" line="35" assertions="1" time="0.000974"/>
        <testcase name="testAsyncHandlesMultipleParameters" class="Toniette\AsyncAwait\Tests\FunctionsTest" classname="Toniette.AsyncAwait.Tests.FunctionsTest" file="/home/Toniette/.Toniette/asyncawait/tests/FunctionsTest.php" line="111" assertions="1" time="0.001090"/>
        <testcase name="testAsyncHandlesComplexDataTypes" class="Toniette\AsyncAwait\Tests\FunctionsTest" classname="Toniette.AsyncAwait.Tests.FunctionsTest" file="/home/Toniette/.Toniette/asyncawait/tests/FunctionsTest.php" line="131" assertions="1" time="0.001338"/>
        <testcase name="testAsyncReturnsPromise" class="Toniette\AsyncAwait\Tests\FunctionsTest" classname="Toniette.AsyncAwait.Tests.FunctionsTest" file="/home/Toniette/.Toniette/asyncawait/tests/FunctionsTest.php" line="13" assertions="1" time="0.001392"/>
      </testsuite>
      <testsuite name="Toniette\AsyncAwait\Tests\Async\AsyncManagerTest" file="/home/Toniette/.Toniette/asyncawait/tests/Async/AsyncManagerTest.php" tests="7" assertions="10" errors="0" warnings="0" failures="0" skipped="1" time="0.036059">
        <testcase name="testAsyncReturnsPromise" class="Toniette\AsyncAwait\Tests\Async\AsyncManagerTest" classname="Toniette.AsyncAwait.Tests.Async.AsyncManagerTest" file="/home/Toniette/.Toniette/asyncawait/tests/Async/AsyncManagerTest.php" line="26" assertions="2" time="0.002075"/>
        <testcase name="testPoolWaitsForAllPromisesAndReturnsResults" class="Toniette\AsyncAwait\Tests\Async\AsyncManagerTest" classname="Toniette.AsyncAwait.Tests.Async.AsyncManagerTest" file="/home/Toniette/.Toniette/asyncawait/tests/Async/AsyncManagerTest.php" line="69" assertions="2" time="0.015662"/>
        <testcase name="testAsyncThrowsExceptionOnForkError" class="Toniette\AsyncAwait\Tests\Async\AsyncManagerTest" classname="Toniette.AsyncAwait.Tests.Async.AsyncManagerTest" file="/home/Toniette/.Toniette/asyncawait/tests/Async/AsyncManagerTest.php" line="125" assertions="0" time="0.000372">
          <skipped/>
        </testcase>
        <testcase name="testAsyncHandlesMultipleParameters" class="Toniette\AsyncAwait\Tests\Async\AsyncManagerTest" classname="Toniette.AsyncAwait.Tests.Async.AsyncManagerTest" file="/home/Toniette/.Toniette/asyncawait/tests/Async/AsyncManagerTest.php" line="135" assertions="1" time="0.001807"/>
        <testcase name="testAsyncExecutesFunctionAndAwaitReturnsResult" class="Toniette\AsyncAwait\Tests\Async\AsyncManagerTest" classname="Toniette.AsyncAwait.Tests.Async.AsyncManagerTest" file="/home/Toniette/.Toniette/asyncawait/tests/Async/AsyncManagerTest.php" line="49" assertions="1" time="0.002333"/>
        <testcase name="testPoolCallsCallbackWithResults" class="Toniette\AsyncAwait\Tests\Async\AsyncManagerTest" classname="Toniette.AsyncAwait.Tests.Async.AsyncManagerTest" file="/home/Toniette/.Toniette/asyncawait/tests/Async/AsyncManagerTest.php" line="93" assertions="3" time="0.012742"/>
        <testcase name="testAsyncHandlesComplexDataTypes" class="Toniette\AsyncAwait\Tests\Async\AsyncManagerTest" classname="Toniette.AsyncAwait.Tests.Async.AsyncManagerTest" file="/home/Toniette/.Toniette/asyncawait/tests/Async/AsyncManagerTest.php" line="155" assertions="1" time="0.001068"/>
      </testsuite>
      <testsuite name="Toniette\AsyncAwait\Tests\Async\PromiseTest" file="/home/Toniette/.Toniette/asyncawait/tests/Async/PromiseTest.php" tests="4" assertions="7" errors="0" warnings="0" failures="0" skipped="0" time="0.001996">
        <testcase name="testConstructor" class="Toniette\AsyncAwait\Tests\Async\PromiseTest" classname="Toniette.AsyncAwait.Tests.Async.PromiseTest" file="/home/Toniette/.Toniette/asyncawait/tests/Async/PromiseTest.php" line="13" assertions="4" time="0.000458"/>
        <testcase name="testSocketIsClosedAfterAwait" class="Toniette\AsyncAwait\Tests\Async\PromiseTest" classname="Toniette.AsyncAwait.Tests.Async.PromiseTest" file="/home/Toniette/.Toniette/asyncawait/tests/Async/PromiseTest.php" line="85" assertions="1" time="0.000103"/>
        <testcase name="testAwaitWithInvalidSocket" class="Toniette\AsyncAwait\Tests\Async\PromiseTest" classname="Toniette.AsyncAwait.Tests.Async.PromiseTest" file="/home/Toniette/.Toniette/asyncawait/tests/Async/PromiseTest.php" line="34" assertions="1" time="0.000025"/>
        <testcase name="testAwaitWithValidSocket" class="Toniette\AsyncAwait\Tests\Async\PromiseTest" classname="Toniette.AsyncAwait.Tests.Async.PromiseTest" file="/home/Toniette/.Toniette/asyncawait/tests/Async/PromiseTest.php" line="45" assertions="1" time="0.001410"/>
      </testsuite>
      <testsuite name="Toniette\AsyncAwait\Tests\Async\Exception\ExceptionTest" file="/home/Toniette/.Toniette/asyncawait/tests/Async/Exception/ExceptionTest.php" tests="6" assertions="15" errors="0" warnings="0" failures="0" skipped="0" time="0.000473">
        <testcase name="testExceptionHierarchy" class="Toniette\AsyncAwait\Tests\Async\Exception\ExceptionTest" classname="Toniette.AsyncAwait.Tests.Async.Exception.ExceptionTest" file="/home/Toniette/.Toniette/asyncawait/tests/Async/Exception/ExceptionTest.php" line="59" assertions="2" time="0.000230"/>
        <testcase name="testProcessException" class="Toniette\AsyncAwait\Tests\Async\Exception\ExceptionTest" classname="Toniette.AsyncAwait.Tests.Async.Exception.ExceptionTest" file="/home/Toniette/.Toniette/asyncawait/tests/Async/Exception/ExceptionTest.php" line="26" assertions="3" time="0.000075"/>
        <testcase name="testPromiseException" class="Toniette\AsyncAwait\Tests\Async\Exception\ExceptionTest" classname="Toniette.AsyncAwait.Tests.Async.Exception.ExceptionTest" file="/home/Toniette/.Toniette/asyncawait/tests/Async/Exception/ExceptionTest.php" line="48" assertions="3" time="0.000026"/>
        <testcase name="testAsyncException" class="Toniette\AsyncAwait\Tests\Async\Exception\ExceptionTest" classname="Toniette.AsyncAwait.Tests.Async.Exception.ExceptionTest" file="/home/Toniette/.Toniette/asyncawait/tests/Async/Exception/ExceptionTest.php" line="16" assertions="2" time="0.000022"/>
        <testcase name="testSocketException" class="Toniette\AsyncAwait\Tests\Async\Exception\ExceptionTest" classname="Toniette.AsyncAwait.Tests.Async.Exception.ExceptionTest" file="/home/Toniette/.Toniette/asyncawait/tests/Async/Exception/ExceptionTest.php" line="37" assertions="3" time="0.000080"/>
        <testcase name="testExceptionWithPrevious" class="Toniette\AsyncAwait\Tests\Async\Exception\ExceptionTest" classname="Toniette.AsyncAwait.Tests.Async.Exception.ExceptionTest" file="/home/Toniette/.Toniette/asyncawait/tests/Async/Exception/ExceptionTest.php" line="76" assertions="2" time="0.000040"/>
      </testsuite>
    </testsuite>
  </testsuite>
</testsuites>
